---Dinero IV cache simulator, version 7
---Written by Jan Edler and Mark D. Hill
---Copyright (C) 1997 NEC Research Institute, Inc. and Mark D. Hill.
---All rights reserved.
---Copyright (C) 1985, 1989 Mark D. Hill.  All rights reserved.
---See -copyright option for details

---Summary of options (-help option gives usage information).

-l1-isize 32768
-l2-isize 262144
-l1-dsize 32768
-l2-dsize 262144
-l1-ibsize 64
-l2-ibsize 64
-l1-dbsize 64
-l2-dbsize 64
-l1-isbsize 64
-l2-isbsize 64
-l1-dsbsize 64
-l2-dsbsize 64
-l1-iassoc 1
-l2-iassoc 4
-l1-dassoc 1
-l2-dassoc 4
-l1-irepl r
-l2-irepl r
-l1-drepl r
-l2-drepl r
-l1-ifetch d
-l2-ifetch d
-l1-dfetch d
-l2-dfetch d
-l1-dwalloc a
-l2-dwalloc a
-l1-dwback a
-l2-dwback a
-skipcount 0
-flushcount 0
-maxcount 0
-stat-interval 0
-informat d
-on-trigger 0x0
-off-trigger 0x0

---Simulation begins.
---Simulation complete.
l1-icache
 Metrics		      Total	      Instrn	       Data	       Read	      Write	       Misc
 -----------------	      ------	      ------	      ------	      ------	      ------	      ------
 Demand Fetches		      721216	      721216	           0	           0	           0	           0
  Fraction of total	      1.0000	      1.0000	      0.0000	      0.0000	      0.0000	      0.0000

 Demand Misses		         123	         123	           0	           0	           0	           0
  Demand miss rate	      0.0002	      0.0002	      0.0000	      0.0000	      0.0000	      0.0000

 Multi-block refs                 0
 Bytes From Memory	        7872
 ( / Demand Fetches)	      0.0109
 Bytes To Memory	           0
 ( / Demand Writes)	      0.0000
 Total Bytes r/w Mem	        7872
 ( / Demand Fetches)	      0.0109

l1-dcache
 Metrics		      Total	      Instrn	       Data	       Read	      Write	       Misc
 -----------------	      ------	      ------	      ------	      ------	      ------	      ------
 Demand Fetches		      278784	           0	      278784	      127644	      151140	           0
  Fraction of total	      1.0000	      0.0000	      1.0000	      0.4579	      0.5421	      0.0000

 Demand Misses		       12869	           0	       12869	        5659	        7210	           0
  Demand miss rate	      0.0462	      0.0000	      0.0462	      0.0443	      0.0477	      0.0000

 Multi-block refs                 0
 Bytes From Memory	      823616
 ( / Demand Fetches)	      2.9543
 Bytes To Memory	      670848
 ( / Demand Writes)	      4.4386
 Total Bytes r/w Mem	     1494464
 ( / Demand Fetches)	      5.3607

l2-icache
 Metrics		      Total	      Instrn	       Data	       Read	      Write	       Misc
 -----------------	      ------	      ------	      ------	      ------	      ------	      ------
 Demand Fetches		         123	         123	           0	           0	           0	           0
  Fraction of total	      1.0000	      1.0000	      0.0000	      0.0000	      0.0000	      0.0000

 Demand Misses		         123	         123	           0	           0	           0	           0
  Demand miss rate	      1.0000	      1.0000	      0.0000	      0.0000	      0.0000	      0.0000

 Multi-block refs                 0
 Bytes From Memory	        7872
 ( / Demand Fetches)	     64.0000
 Bytes To Memory	           0
 ( / Demand Writes)	      0.0000
 Total Bytes r/w Mem	        7872
 ( / Demand Fetches)	     64.0000

l2-dcache
 Metrics		      Total	      Instrn	       Data	       Read	      Write	       Misc
 -----------------	      ------	      ------	      ------	      ------	      ------	      ------
 Demand Fetches		       23351	           0	       23351	       12869	       10482	           0
  Fraction of total	      1.0000	      0.0000	      1.0000	      0.5511	      0.4489	      0.0000

 Demand Misses		        6051	           0	        6051	        5869	         182	           0
  Demand miss rate	      0.2591	      0.0000	      0.2591	      0.4561	      0.0174	      0.0000

 Multi-block refs                 0
 Bytes From Memory	      375616
 ( / Demand Fetches)	     16.0856
 Bytes To Memory	      372864
 ( / Demand Writes)	     35.5718
 Total Bytes r/w Mem	      748480
 ( / Demand Fetches)	     32.0534

---Execution complete.
