---Dinero IV cache simulator, version 7
---Written by Jan Edler and Mark D. Hill
---Copyright (C) 1997 NEC Research Institute, Inc. and Mark D. Hill.
---All rights reserved.
---Copyright (C) 1985, 1989 Mark D. Hill.  All rights reserved.
---See -copyright option for details

---Summary of options (-help option gives usage information).

-l1-isize 32768
-l2-isize 262144
-l1-dsize 32768
-l2-dsize 262144
-l1-ibsize 64
-l2-ibsize 64
-l1-dbsize 64
-l2-dbsize 64
-l1-isbsize 64
-l2-isbsize 64
-l1-dsbsize 64
-l2-dsbsize 64
-l1-iassoc 1
-l2-iassoc 4
-l1-dassoc 1
-l2-dassoc 4
-l1-irepl r
-l2-irepl r
-l1-drepl r
-l2-drepl r
-l1-ifetch d
-l2-ifetch d
-l1-dfetch d
-l2-dfetch d
-l1-dwalloc a
-l2-dwalloc a
-l1-dwback a
-l2-dwback a
-skipcount 0
-flushcount 0
-maxcount 0
-stat-interval 0
-informat d
-on-trigger 0x0
-off-trigger 0x0

---Simulation begins.
---Simulation complete.
l1-icache
 Metrics		      Total	      Instrn	       Data	       Read	      Write	       Misc
 -----------------	      ------	      ------	      ------	      ------	      ------	      ------
 Demand Fetches		      809368	      809368	           0	           0	           0	           0
  Fraction of total	      1.0000	      1.0000	      0.0000	      0.0000	      0.0000	      0.0000

 Demand Misses		        1701	        1701	           0	           0	           0	           0
  Demand miss rate	      0.0021	      0.0021	      0.0000	      0.0000	      0.0000	      0.0000

 Multi-block refs                 0
 Bytes From Memory	      108864
 ( / Demand Fetches)	      0.1345
 Bytes To Memory	           0
 ( / Demand Writes)	      0.0000
 Total Bytes r/w Mem	      108864
 ( / Demand Fetches)	      0.1345

l1-dcache
 Metrics		      Total	      Instrn	       Data	       Read	      Write	       Misc
 -----------------	      ------	      ------	      ------	      ------	      ------	      ------
 Demand Fetches		      190632	           0	      190632	      130497	       60135	           0
  Fraction of total	      1.0000	      0.0000	      1.0000	      0.6845	      0.3155	      0.0000

 Demand Misses		        1002	           0	        1002	         544	         458	           0
  Demand miss rate	      0.0053	      0.0000	      0.0053	      0.0042	      0.0076	      0.0000

 Multi-block refs                 0
 Bytes From Memory	       64128
 ( / Demand Fetches)	      0.3364
 Bytes To Memory	       33280
 ( / Demand Writes)	      0.5534
 Total Bytes r/w Mem	       97408
 ( / Demand Fetches)	      0.5110

l2-icache
 Metrics		      Total	      Instrn	       Data	       Read	      Write	       Misc
 -----------------	      ------	      ------	      ------	      ------	      ------	      ------
 Demand Fetches		        1701	        1701	           0	           0	           0	           0
  Fraction of total	      1.0000	      1.0000	      0.0000	      0.0000	      0.0000	      0.0000

 Demand Misses		         275	         275	           0	           0	           0	           0
  Demand miss rate	      0.1617	      0.1617	      0.0000	      0.0000	      0.0000	      0.0000

 Multi-block refs                 0
 Bytes From Memory	       17600
 ( / Demand Fetches)	     10.3469
 Bytes To Memory	           0
 ( / Demand Writes)	      0.0000
 Total Bytes r/w Mem	       17600
 ( / Demand Fetches)	     10.3469

l2-dcache
 Metrics		      Total	      Instrn	       Data	       Read	      Write	       Misc
 -----------------	      ------	      ------	      ------	      ------	      ------	      ------
 Demand Fetches		        1522	           0	        1522	        1002	         520	           0
  Fraction of total	      1.0000	      0.0000	      1.0000	      0.6583	      0.3417	      0.0000

 Demand Misses		         523	           0	         523	         523	           0	           0
  Demand miss rate	      0.3436	      0.0000	      0.3436	      0.5220	      0.0000	      0.0000

 Multi-block refs                 0
 Bytes From Memory	       33472
 ( / Demand Fetches)	     21.9921
 Bytes To Memory	       23488
 ( / Demand Writes)	     45.1692
 Total Bytes r/w Mem	       56960
 ( / Demand Fetches)	     37.4244

---Execution complete.
