---Dinero IV cache simulator, version 7
---Written by Jan Edler and Mark D. Hill
---Copyright (C) 1997 NEC Research Institute, Inc. and Mark D. Hill.
---All rights reserved.
---Copyright (C) 1985, 1989 Mark D. Hill.  All rights reserved.
---See -copyright option for details

---Summary of options (-help option gives usage information).

-l1-isize 32768
-l2-isize 262144
-l1-dsize 32768
-l2-dsize 262144
-l1-ibsize 64
-l2-ibsize 64
-l1-dbsize 64
-l2-dbsize 64
-l1-isbsize 64
-l2-isbsize 64
-l1-dsbsize 64
-l2-dsbsize 64
-l1-iassoc 1
-l2-iassoc 4
-l1-dassoc 1
-l2-dassoc 4
-l1-irepl r
-l2-irepl r
-l1-drepl r
-l2-drepl r
-l1-ifetch d
-l2-ifetch d
-l1-dfetch d
-l2-dfetch d
-l1-dwalloc a
-l2-dwalloc a
-l1-dwback a
-l2-dwback a
-skipcount 0
-flushcount 0
-maxcount 0
-stat-interval 0
-informat d
-on-trigger 0x0
-off-trigger 0x0

---Simulation begins.
---Simulation complete.
l1-icache
 Metrics		      Total	      Instrn	       Data	       Read	      Write	       Misc
 -----------------	      ------	      ------	      ------	      ------	      ------	      ------
 Demand Fetches		      755193	      755193	           0	           0	           0	           0
  Fraction of total	      1.0000	      1.0000	      0.0000	      0.0000	      0.0000	      0.0000

 Demand Misses		        4219	        4219	           0	           0	           0	           0
  Demand miss rate	      0.0056	      0.0056	      0.0000	      0.0000	      0.0000	      0.0000

 Multi-block refs                 0
 Bytes From Memory	      270016
 ( / Demand Fetches)	      0.3575
 Bytes To Memory	           0
 ( / Demand Writes)	      0.0000
 Total Bytes r/w Mem	      270016
 ( / Demand Fetches)	      0.3575

l1-dcache
 Metrics		      Total	      Instrn	       Data	       Read	      Write	       Misc
 -----------------	      ------	      ------	      ------	      ------	      ------	      ------
 Demand Fetches		      244807	           0	      244807	      152261	       92546	           0
  Fraction of total	      1.0000	      0.0000	      1.0000	      0.6220	      0.3780	      0.0000

 Demand Misses		        2816	           0	        2816	         925	        1891	           0
  Demand miss rate	      0.0115	      0.0000	      0.0115	      0.0061	      0.0204	      0.0000

 Multi-block refs                 0
 Bytes From Memory	      180224
 ( / Demand Fetches)	      0.7362
 Bytes To Memory	      127744
 ( / Demand Writes)	      1.3803
 Total Bytes r/w Mem	      307968
 ( / Demand Fetches)	      1.2580

l2-icache
 Metrics		      Total	      Instrn	       Data	       Read	      Write	       Misc
 -----------------	      ------	      ------	      ------	      ------	      ------	      ------
 Demand Fetches		        4219	        4219	           0	           0	           0	           0
  Fraction of total	      1.0000	      1.0000	      0.0000	      0.0000	      0.0000	      0.0000

 Demand Misses		        1042	        1042	           0	           0	           0	           0
  Demand miss rate	      0.2470	      0.2470	      0.0000	      0.0000	      0.0000	      0.0000

 Multi-block refs                 0
 Bytes From Memory	       66688
 ( / Demand Fetches)	     15.8066
 Bytes To Memory	           0
 ( / Demand Writes)	      0.0000
 Total Bytes r/w Mem	       66688
 ( / Demand Fetches)	     15.8066

l2-dcache
 Metrics		      Total	      Instrn	       Data	       Read	      Write	       Misc
 -----------------	      ------	      ------	      ------	      ------	      ------	      ------
 Demand Fetches		        4812	           0	        4812	        2816	        1996	           0
  Fraction of total	      1.0000	      0.0000	      1.0000	      0.5852	      0.4148	      0.0000

 Demand Misses		        1541	           0	        1541	        1541	           0	           0
  Demand miss rate	      0.3202	      0.0000	      0.3202	      0.5472	      0.0000	      0.0000

 Multi-block refs                 0
 Bytes From Memory	       98624
 ( / Demand Fetches)	     20.4954
 Bytes To Memory	       82816
 ( / Demand Writes)	     41.4910
 Total Bytes r/w Mem	      181440
 ( / Demand Fetches)	     37.7057

---Execution complete.
