---Dinero IV cache simulator, version 7
---Written by Jan Edler and Mark D. Hill
---Copyright (C) 1997 NEC Research Institute, Inc. and Mark D. Hill.
---All rights reserved.
---Copyright (C) 1985, 1989 Mark D. Hill.  All rights reserved.
---See -copyright option for details

---Summary of options (-help option gives usage information).

-l1-isize 32768
-l2-isize 262144
-l1-dsize 32768
-l2-dsize 262144
-l1-ibsize 64
-l2-ibsize 64
-l1-dbsize 64
-l2-dbsize 64
-l1-isbsize 64
-l2-isbsize 64
-l1-dsbsize 64
-l2-dsbsize 64
-l1-iassoc 1
-l2-iassoc 4
-l1-dassoc 1
-l2-dassoc 4
-l1-irepl r
-l2-irepl r
-l1-drepl r
-l2-drepl r
-l1-ifetch d
-l2-ifetch d
-l1-dfetch d
-l2-dfetch d
-l1-dwalloc a
-l2-dwalloc a
-l1-dwback a
-l2-dwback a
-skipcount 0
-flushcount 0
-maxcount 0
-stat-interval 0
-informat d
-on-trigger 0x0
-off-trigger 0x0

---Simulation begins.
---Simulation complete.
l1-icache
 Metrics		      Total	      Instrn	       Data	       Read	      Write	       Misc
 -----------------	      ------	      ------	      ------	      ------	      ------	      ------
 Demand Fetches		      700500	      700500	           0	           0	           0	           0
  Fraction of total	      1.0000	      1.0000	      0.0000	      0.0000	      0.0000	      0.0000

 Demand Misses		        7768	        7768	           0	           0	           0	           0
  Demand miss rate	      0.0111	      0.0111	      0.0000	      0.0000	      0.0000	      0.0000

 Multi-block refs                 0
 Bytes From Memory	      497152
 ( / Demand Fetches)	      0.7097
 Bytes To Memory	           0
 ( / Demand Writes)	      0.0000
 Total Bytes r/w Mem	      497152
 ( / Demand Fetches)	      0.7097

l1-dcache
 Metrics		      Total	      Instrn	       Data	       Read	      Write	       Misc
 -----------------	      ------	      ------	      ------	      ------	      ------	      ------
 Demand Fetches		      299500	           0	      299500	      202661	       96839	           0
  Fraction of total	      1.0000	      0.0000	      1.0000	      0.6767	      0.3233	      0.0000

 Demand Misses		        5375	           0	        5375	        2908	        2467	           0
  Demand miss rate	      0.0179	      0.0000	      0.0179	      0.0143	      0.0255	      0.0000

 Multi-block refs                 0
 Bytes From Memory	      344000
 ( / Demand Fetches)	      1.1486
 Bytes To Memory	      196160
 ( / Demand Writes)	      2.0256
 Total Bytes r/w Mem	      540160
 ( / Demand Fetches)	      1.8035

l2-icache
 Metrics		      Total	      Instrn	       Data	       Read	      Write	       Misc
 -----------------	      ------	      ------	      ------	      ------	      ------	      ------
 Demand Fetches		        7768	        7768	           0	           0	           0	           0
  Fraction of total	      1.0000	      1.0000	      0.0000	      0.0000	      0.0000	      0.0000

 Demand Misses		         759	         759	           0	           0	           0	           0
  Demand miss rate	      0.0977	      0.0977	      0.0000	      0.0000	      0.0000	      0.0000

 Multi-block refs                 0
 Bytes From Memory	       48576
 ( / Demand Fetches)	      6.2533
 Bytes To Memory	           0
 ( / Demand Writes)	      0.0000
 Total Bytes r/w Mem	       48576
 ( / Demand Fetches)	      6.2533

l2-dcache
 Metrics		      Total	      Instrn	       Data	       Read	      Write	       Misc
 -----------------	      ------	      ------	      ------	      ------	      ------	      ------
 Demand Fetches		        8440	           0	        8440	        5375	        3065	           0
  Fraction of total	      1.0000	      0.0000	      1.0000	      0.6368	      0.3632	      0.0000

 Demand Misses		        1449	           0	        1449	        1449	           0	           0
  Demand miss rate	      0.1717	      0.0000	      0.1717	      0.2696	      0.0000	      0.0000

 Multi-block refs                 0
 Bytes From Memory	       92736
 ( / Demand Fetches)	     10.9877
 Bytes To Memory	       89600
 ( / Demand Writes)	     29.2333
 Total Bytes r/w Mem	      182336
 ( / Demand Fetches)	     21.6038

---Execution complete.
