---Dinero IV cache simulator, version 7
---Written by Jan Edler and Mark D. Hill
---Copyright (C) 1997 NEC Research Institute, Inc. and Mark D. Hill.
---All rights reserved.
---Copyright (C) 1985, 1989 Mark D. Hill.  All rights reserved.
---See -copyright option for details

---Summary of options (-help option gives usage information).

-l1-isize 32768
-l2-isize 262144
-l1-dsize 32768
-l2-dsize 262144
-l1-ibsize 64
-l2-ibsize 64
-l1-dbsize 64
-l2-dbsize 64
-l1-isbsize 64
-l2-isbsize 64
-l1-dsbsize 64
-l2-dsbsize 64
-l1-iassoc 1
-l2-iassoc 4
-l1-dassoc 1
-l2-dassoc 4
-l1-irepl r
-l2-irepl r
-l1-drepl r
-l2-drepl r
-l1-ifetch d
-l2-ifetch d
-l1-dfetch d
-l2-dfetch d
-l1-dwalloc a
-l2-dwalloc a
-l1-dwback a
-l2-dwback a
-skipcount 0
-flushcount 0
-maxcount 0
-stat-interval 0
-informat d
-on-trigger 0x0
-off-trigger 0x0

---Simulation begins.
---Simulation complete.
l1-icache
 Metrics		      Total	      Instrn	       Data	       Read	      Write	       Misc
 -----------------	      ------	      ------	      ------	      ------	      ------	      ------
 Demand Fetches		      779515	      779515	           0	           0	           0	           0
  Fraction of total	      1.0000	      1.0000	      0.0000	      0.0000	      0.0000	      0.0000

 Demand Misses		       12708	       12708	           0	           0	           0	           0
  Demand miss rate	      0.0163	      0.0163	      0.0000	      0.0000	      0.0000	      0.0000

 Multi-block refs                 0
 Bytes From Memory	      813312
 ( / Demand Fetches)	      1.0434
 Bytes To Memory	           0
 ( / Demand Writes)	      0.0000
 Total Bytes r/w Mem	      813312
 ( / Demand Fetches)	      1.0434

l1-dcache
 Metrics		      Total	      Instrn	       Data	       Read	      Write	       Misc
 -----------------	      ------	      ------	      ------	      ------	      ------	      ------
 Demand Fetches		      220485	           0	      220485	      139816	       80669	           0
  Fraction of total	      1.0000	      0.0000	      1.0000	      0.6341	      0.3659	      0.0000

 Demand Misses		        5497	           0	        5497	        3942	        1555	           0
  Demand miss rate	      0.0249	      0.0000	      0.0249	      0.0282	      0.0193	      0.0000

 Multi-block refs                 0
 Bytes From Memory	      351808
 ( / Demand Fetches)	      1.5956
 Bytes To Memory	      179008
 ( / Demand Writes)	      2.2190
 Total Bytes r/w Mem	      530816
 ( / Demand Fetches)	      2.4075

l2-icache
 Metrics		      Total	      Instrn	       Data	       Read	      Write	       Misc
 -----------------	      ------	      ------	      ------	      ------	      ------	      ------
 Demand Fetches		       12708	       12708	           0	           0	           0	           0
  Fraction of total	      1.0000	      1.0000	      0.0000	      0.0000	      0.0000	      0.0000

 Demand Misses		         855	         855	           0	           0	           0	           0
  Demand miss rate	      0.0673	      0.0673	      0.0000	      0.0000	      0.0000	      0.0000

 Multi-block refs                 0
 Bytes From Memory	       54720
 ( / Demand Fetches)	      4.3059
 Bytes To Memory	           0
 ( / Demand Writes)	      0.0000
 Total Bytes r/w Mem	       54720
 ( / Demand Fetches)	      4.3059

l2-dcache
 Metrics		      Total	      Instrn	       Data	       Read	      Write	       Misc
 -----------------	      ------	      ------	      ------	      ------	      ------	      ------
 Demand Fetches		        8294	           0	        8294	        5497	        2797	           0
  Fraction of total	      1.0000	      0.0000	      1.0000	      0.6628	      0.3372	      0.0000

 Demand Misses		        1605	           0	        1605	        1603	           2	           0
  Demand miss rate	      0.1935	      0.0000	      0.1935	      0.2916	      0.0007	      0.0000

 Multi-block refs                 0
 Bytes From Memory	      102592
 ( / Demand Fetches)	     12.3694
 Bytes To Memory	       86336
 ( / Demand Writes)	     30.8674
 Total Bytes r/w Mem	      188928
 ( / Demand Fetches)	     22.7789

---Execution complete.
