---Dinero IV cache simulator, version 7
---Written by Jan Edler and Mark D. Hill
---Copyright (C) 1997 NEC Research Institute, Inc. and Mark D. Hill.
---All rights reserved.
---Copyright (C) 1985, 1989 Mark D. Hill.  All rights reserved.
---See -copyright option for details

---Summary of options (-help option gives usage information).

-l1-isize 32768
-l2-isize 262144
-l1-dsize 32768
-l2-dsize 262144
-l1-ibsize 64
-l2-ibsize 64
-l1-dbsize 64
-l2-dbsize 64
-l1-isbsize 64
-l2-isbsize 64
-l1-dsbsize 64
-l2-dsbsize 64
-l1-iassoc 1
-l2-iassoc 4
-l1-dassoc 1
-l2-dassoc 4
-l1-irepl r
-l2-irepl r
-l1-drepl r
-l2-drepl r
-l1-ifetch d
-l2-ifetch d
-l1-dfetch d
-l2-dfetch d
-l1-dwalloc a
-l2-dwalloc a
-l1-dwback a
-l2-dwback a
-skipcount 0
-flushcount 0
-maxcount 0
-stat-interval 0
-informat d
-on-trigger 0x0
-off-trigger 0x0

---Simulation begins.
---Simulation complete.
l1-icache
 Metrics		      Total	      Instrn	       Data	       Read	      Write	       Misc
 -----------------	      ------	      ------	      ------	      ------	      ------	      ------
 Demand Fetches		      768543	      768543	           0	           0	           0	           0
  Fraction of total	      1.0000	      1.0000	      0.0000	      0.0000	      0.0000	      0.0000

 Demand Misses		        1120	        1120	           0	           0	           0	           0
  Demand miss rate	      0.0015	      0.0015	      0.0000	      0.0000	      0.0000	      0.0000

 Multi-block refs                 0
 Bytes From Memory	       71680
 ( / Demand Fetches)	      0.0933
 Bytes To Memory	           0
 ( / Demand Writes)	      0.0000
 Total Bytes r/w Mem	       71680
 ( / Demand Fetches)	      0.0933

l1-dcache
 Metrics		      Total	      Instrn	       Data	       Read	      Write	       Misc
 -----------------	      ------	      ------	      ------	      ------	      ------	      ------
 Demand Fetches		      231457	           0	      231457	      168091	       63366	           0
  Fraction of total	      1.0000	      0.0000	      1.0000	      0.7262	      0.2738	      0.0000

 Demand Misses		        1437	           0	        1437	         773	         664	           0
  Demand miss rate	      0.0062	      0.0000	      0.0062	      0.0046	      0.0105	      0.0000

 Multi-block refs                 0
 Bytes From Memory	       91968
 ( / Demand Fetches)	      0.3973
 Bytes To Memory	       58880
 ( / Demand Writes)	      0.9292
 Total Bytes r/w Mem	      150848
 ( / Demand Fetches)	      0.6517

l2-icache
 Metrics		      Total	      Instrn	       Data	       Read	      Write	       Misc
 -----------------	      ------	      ------	      ------	      ------	      ------	      ------
 Demand Fetches		        1120	        1120	           0	           0	           0	           0
  Fraction of total	      1.0000	      1.0000	      0.0000	      0.0000	      0.0000	      0.0000

 Demand Misses		         609	         609	           0	           0	           0	           0
  Demand miss rate	      0.5437	      0.5437	      0.0000	      0.0000	      0.0000	      0.0000

 Multi-block refs                 0
 Bytes From Memory	       38976
 ( / Demand Fetches)	     34.8000
 Bytes To Memory	           0
 ( / Demand Writes)	      0.0000
 Total Bytes r/w Mem	       38976
 ( / Demand Fetches)	     34.8000

l2-dcache
 Metrics		      Total	      Instrn	       Data	       Read	      Write	       Misc
 -----------------	      ------	      ------	      ------	      ------	      ------	      ------
 Demand Fetches		        2357	           0	        2357	        1437	         920	           0
  Fraction of total	      1.0000	      0.0000	      1.0000	      0.6097	      0.3903	      0.0000

 Demand Misses		         812	           0	         812	         812	           0	           0
  Demand miss rate	      0.3445	      0.0000	      0.3445	      0.5651	      0.0000	      0.0000

 Multi-block refs                 0
 Bytes From Memory	       51968
 ( / Demand Fetches)	     22.0484
 Bytes To Memory	       47808
 ( / Demand Writes)	     51.9652
 Total Bytes r/w Mem	       99776
 ( / Demand Fetches)	     42.3318

---Execution complete.
