---Dinero IV cache simulator, version 7
---Written by Jan Edler and Mark D. Hill
---Copyright (C) 1997 NEC Research Institute, Inc. and Mark D. Hill.
---All rights reserved.
---Copyright (C) 1985, 1989 Mark D. Hill.  All rights reserved.
---See -copyright option for details

---Summary of options (-help option gives usage information).

-l1-isize 32768
-l2-isize 262144
-l1-dsize 32768
-l2-dsize 262144
-l1-ibsize 64
-l2-ibsize 64
-l1-dbsize 64
-l2-dbsize 64
-l1-isbsize 64
-l2-isbsize 64
-l1-dsbsize 64
-l2-dsbsize 64
-l1-iassoc 1
-l2-iassoc 4
-l1-dassoc 1
-l2-dassoc 4
-l1-irepl r
-l2-irepl r
-l1-drepl r
-l2-drepl r
-l1-ifetch d
-l2-ifetch d
-l1-dfetch d
-l2-dfetch d
-l1-dwalloc a
-l2-dwalloc a
-l1-dwback a
-l2-dwback a
-skipcount 0
-flushcount 0
-maxcount 0
-stat-interval 0
-informat d
-on-trigger 0x0
-off-trigger 0x0

---Simulation begins.
---Simulation complete.
l1-icache
 Metrics		      Total	      Instrn	       Data	       Read	      Write	       Misc
 -----------------	      ------	      ------	      ------	      ------	      ------	      ------
 Demand Fetches		      799771	      799771	           0	           0	           0	           0
  Fraction of total	      1.0000	      1.0000	      0.0000	      0.0000	      0.0000	      0.0000

 Demand Misses		         354	         354	           0	           0	           0	           0
  Demand miss rate	      0.0004	      0.0004	      0.0000	      0.0000	      0.0000	      0.0000

 Multi-block refs                 0
 Bytes From Memory	       22656
 ( / Demand Fetches)	      0.0283
 Bytes To Memory	           0
 ( / Demand Writes)	      0.0000
 Total Bytes r/w Mem	       22656
 ( / Demand Fetches)	      0.0283

l1-dcache
 Metrics		      Total	      Instrn	       Data	       Read	      Write	       Misc
 -----------------	      ------	      ------	      ------	      ------	      ------	      ------
 Demand Fetches		      200231	           0	      200231	      141109	       59122	           0
  Fraction of total	      1.0000	      0.0000	      1.0000	      0.7047	      0.2953	      0.0000

 Demand Misses		         232	           0	         232	          53	         179	           0
  Demand miss rate	      0.0012	      0.0000	      0.0012	      0.0004	      0.0030	      0.0000

 Multi-block refs                 0
 Bytes From Memory	       14848
 ( / Demand Fetches)	      0.0742
 Bytes To Memory	       12480
 ( / Demand Writes)	      0.2111
 Total Bytes r/w Mem	       27328
 ( / Demand Fetches)	      0.1365

l2-icache
 Metrics		      Total	      Instrn	       Data	       Read	      Write	       Misc
 -----------------	      ------	      ------	      ------	      ------	      ------	      ------
 Demand Fetches		         354	         354	           0	           0	           0	           0
  Fraction of total	      1.0000	      1.0000	      0.0000	      0.0000	      0.0000	      0.0000

 Demand Misses		         322	         322	           0	           0	           0	           0
  Demand miss rate	      0.9096	      0.9096	      0.0000	      0.0000	      0.0000	      0.0000

 Multi-block refs                 0
 Bytes From Memory	       20608
 ( / Demand Fetches)	     58.2147
 Bytes To Memory	           0
 ( / Demand Writes)	      0.0000
 Total Bytes r/w Mem	       20608
 ( / Demand Fetches)	     58.2147

l2-dcache
 Metrics		      Total	      Instrn	       Data	       Read	      Write	       Misc
 -----------------	      ------	      ------	      ------	      ------	      ------	      ------
 Demand Fetches		         427	           0	         427	         232	         195	           0
  Fraction of total	      1.0000	      0.0000	      1.0000	      0.5433	      0.4567	      0.0000

 Demand Misses		         220	           0	         220	         220	           0	           0
  Demand miss rate	      0.5152	      0.0000	      0.5152	      0.9483	      0.0000	      0.0000

 Multi-block refs                 0
 Bytes From Memory	       14080
 ( / Demand Fetches)	     32.9742
 Bytes To Memory	       12416
 ( / Demand Writes)	     63.6718
 Total Bytes r/w Mem	       26496
 ( / Demand Fetches)	     62.0515

---Execution complete.
