---Dinero IV cache simulator, version 7
---Written by Jan Edler and Mark D. Hill
---Copyright (C) 1997 NEC Research Institute, Inc. and Mark D. Hill.
---All rights reserved.
---Copyright (C) 1985, 1989 Mark D. Hill.  All rights reserved.
---See -copyright option for details

---Summary of options (-help option gives usage information).

-l1-isize 32768
-l2-isize 262144
-l1-dsize 32768
-l2-dsize 262144
-l1-ibsize 64
-l2-ibsize 64
-l1-dbsize 64
-l2-dbsize 64
-l1-isbsize 64
-l2-isbsize 64
-l1-dsbsize 64
-l2-dsbsize 64
-l1-iassoc 1
-l2-iassoc 4
-l1-dassoc 1
-l2-dassoc 4
-l1-irepl r
-l2-irepl r
-l1-drepl r
-l2-drepl r
-l1-ifetch d
-l2-ifetch d
-l1-dfetch d
-l2-dfetch d
-l1-dwalloc a
-l2-dwalloc a
-l1-dwback a
-l2-dwback a
-skipcount 0
-flushcount 0
-maxcount 0
-stat-interval 0
-informat d
-on-trigger 0x0
-off-trigger 0x0

---Simulation begins.
---Simulation complete.
l1-icache
 Metrics		      Total	      Instrn	       Data	       Read	      Write	       Misc
 -----------------	      ------	      ------	      ------	      ------	      ------	      ------
 Demand Fetches		      784179	      784179	           0	           0	           0	           0
  Fraction of total	      1.0000	      1.0000	      0.0000	      0.0000	      0.0000	      0.0000

 Demand Misses		        2607	        2607	           0	           0	           0	           0
  Demand miss rate	      0.0033	      0.0033	      0.0000	      0.0000	      0.0000	      0.0000

 Multi-block refs                 0
 Bytes From Memory	      166848
 ( / Demand Fetches)	      0.2128
 Bytes To Memory	           0
 ( / Demand Writes)	      0.0000
 Total Bytes r/w Mem	      166848
 ( / Demand Fetches)	      0.2128

l1-dcache
 Metrics		      Total	      Instrn	       Data	       Read	      Write	       Misc
 -----------------	      ------	      ------	      ------	      ------	      ------	      ------
 Demand Fetches		      215823	           0	      215823	      142403	       73420	           0
  Fraction of total	      1.0000	      0.0000	      1.0000	      0.6598	      0.3402	      0.0000

 Demand Misses		         793	           0	         793	         386	         407	           0
  Demand miss rate	      0.0037	      0.0000	      0.0037	      0.0027	      0.0055	      0.0000

 Multi-block refs                 0
 Bytes From Memory	       50752
 ( / Demand Fetches)	      0.2352
 Bytes To Memory	       32256
 ( / Demand Writes)	      0.4393
 Total Bytes r/w Mem	       83008
 ( / Demand Fetches)	      0.3846

l2-icache
 Metrics		      Total	      Instrn	       Data	       Read	      Write	       Misc
 -----------------	      ------	      ------	      ------	      ------	      ------	      ------
 Demand Fetches		        2607	        2607	           0	           0	           0	           0
  Fraction of total	      1.0000	      1.0000	      0.0000	      0.0000	      0.0000	      0.0000

 Demand Misses		         548	         548	           0	           0	           0	           0
  Demand miss rate	      0.2102	      0.2102	      0.0000	      0.0000	      0.0000	      0.0000

 Multi-block refs                 0
 Bytes From Memory	       35072
 ( / Demand Fetches)	     13.4530
 Bytes To Memory	           0
 ( / Demand Writes)	      0.0000
 Total Bytes r/w Mem	       35072
 ( / Demand Fetches)	     13.4530

l2-dcache
 Metrics		      Total	      Instrn	       Data	       Read	      Write	       Misc
 -----------------	      ------	      ------	      ------	      ------	      ------	      ------
 Demand Fetches		        1297	           0	        1297	         793	         504	           0
  Fraction of total	      1.0000	      0.0000	      1.0000	      0.6114	      0.3886	      0.0000

 Demand Misses		         430	           0	         430	         430	           0	           0
  Demand miss rate	      0.3315	      0.0000	      0.3315	      0.5422	      0.0000	      0.0000

 Multi-block refs                 0
 Bytes From Memory	       27520
 ( / Demand Fetches)	     21.2182
 Bytes To Memory	       21440
 ( / Demand Writes)	     42.5397
 Total Bytes r/w Mem	       48960
 ( / Demand Fetches)	     37.7487

---Execution complete.
